2025-12-19 05:50:11,320 - db_helper - INFO - fetch_expenses_for_date called with 2024-08-01
2025-12-19 05:52:13,117 - db_helper - INFO - fetch_expenses_for_date called with 2024-08-01
2025-12-19 05:53:16,283 - db_helper - INFO - fetch_expenses_for_date called with 2024-08-01
2025-12-19 05:53:16,374 - db_helper - INFO - fetch_expense_summary called with start: 2024-08-01 and end: 2024-08-05
2025-12-19 05:54:11,380 - db_helper - INFO - fetch_expenses_for_date called with 2024-09-30
2025-12-19 05:54:11,431 - db_helper - INFO - fetch_expense_summary called with start: 2024-08-01 and end: 2024-08-05
2025-12-19 06:16:42,847 - db_helper - INFO - fetch_expenses_for_date called with 2024-08-25
2025-12-19 06:17:48,436 - db_helper - INFO - fetch_expenses_for_date called with 2024-08-01
2025-12-19 06:18:50,176 - db_helper - INFO - delete_expenses_for_date called with 2024-08-28
2025-12-19 06:18:50,208 - db_helper - INFO - insert_expense called with date: 2024-08-28, amount: 23.0, category: shopping, notes: Bought a mercedez car
2025-12-22 06:05:01,447 - db_helper - INFO - fetch_expenses_for_date called with 2024-08-01
2025-12-22 06:07:09,271 - db_helper - INFO - fetch_expenses_for_date called with 2024-08-01
2025-12-22 06:15:06,070 - db_helper - INFO - fetch_expenses_for_date called with 2024-08-01
2025-12-22 06:15:47,983 - db_helper - INFO - fetch_expenses_for_date called with 2024-08-01
2025-12-22 06:16:33,653 - db_helper - INFO - fetch_expenses_for_date called with 2024-08-01
2025-12-22 06:16:52,765 - db_helper - INFO - fetch_expenses_for_date called with 2024-08-01
2025-12-22 06:18:01,810 - db_helper - INFO - fetch_expenses_for_date called with 2024-08-01
2025-12-22 06:18:06,799 - db_helper - INFO - fetch_expenses_for_date called with 2024-08-01
2025-12-22 06:20:32,902 - db_helper - INFO - fetch_expenses_for_date called with 2024-08-01
2025-12-22 06:21:54,430 - db_helper - INFO - fetch_expenses_for_date called with 2024-08-01
2025-12-22 08:00:52,982 - db_helper - INFO - fetch_expenses_for_date called with 2024-08-01
2025-12-22 08:01:58,066 - db_helper - INFO - fetch_expenses_for_date called with 2024-08-01
2025-12-22 08:02:17,898 - db_helper - INFO - fetch_expenses_for_date called with 2024-08-01
2025-12-22 08:02:49,647 - db_helper - INFO - fetch_expenses_for_date called with 2024-08-01
2025-12-22 08:08:55,992 - db_helper - INFO - fetch_expenses_for_date called with 2024-08-01
2025-12-22 08:11:13,412 - db_helper - INFO - fetch_expenses_for_date called with 2024-08-01
2025-12-22 08:12:26,259 - db_helper - INFO - fetch_expenses_for_date called with 2024-08-01
2025-12-22 08:12:37,332 - db_helper - INFO - fetch_expenses_for_date called with 2024-08-01
2025-12-22 08:15:12,916 - db_helper - INFO - fetch_expenses_for_date called with 2024-08-01
2025-12-22 08:17:16,856 - db_helper - INFO - fetch_expenses_for_date called with 2024-08-01
2025-12-22 08:17:49,725 - db_helper - INFO - fetch_expenses_for_date called with 2024-08-01
2025-12-22 08:19:10,696 - db_helper - INFO - fetch_expenses_for_date called with 2024-08-03
2025-12-22 08:19:12,100 - db_helper - INFO - fetch_expenses_for_date called with 2024-08-03
2025-12-22 08:19:26,120 - db_helper - INFO - fetch_expenses_for_date called with 2024-08-01
2025-12-22 08:19:33,864 - db_helper - INFO - fetch_expenses_for_date called with 2024-08-21
2025-12-22 08:19:41,148 - db_helper - INFO - fetch_expenses_for_date called with 2024-08-20
2025-12-22 08:20:19,078 - db_helper - INFO - fetch_expenses_for_date called with 2024-08-28
2025-12-22 08:20:37,677 - db_helper - INFO - fetch_expenses_for_date called with 2024-08-29
2025-12-22 08:23:16,967 - db_helper - INFO - fetch_expenses_for_date called with 2024-08-02
2025-12-22 08:23:26,650 - db_helper - INFO - fetch_expenses_for_date called with 2024-08-01
2025-12-22 08:23:34,649 - db_helper - INFO - fetch_expenses_for_date called with 2024-08-02
2025-12-22 08:23:44,701 - db_helper - INFO - fetch_expenses_for_date called with 2024-08-07
2025-12-22 08:23:51,148 - db_helper - INFO - fetch_expenses_for_date called with 2024-08-15
2025-12-22 08:23:57,032 - db_helper - INFO - fetch_expenses_for_date called with 2024-08-28
2025-12-22 08:31:53,153 - db_helper - INFO - fetch_expenses_for_date called with 2024-08-28
2025-12-22 08:31:59,620 - db_helper - INFO - fetch_expenses_for_date called with 2024-08-01
2025-12-22 08:32:06,100 - db_helper - INFO - fetch_expenses_for_date called with 2024-08-02
2025-12-22 08:32:11,989 - db_helper - INFO - fetch_expenses_for_date called with 2024-08-03
2025-12-22 08:32:19,495 - db_helper - INFO - fetch_expenses_for_date called with 2024-08-13
2025-12-22 08:32:25,933 - db_helper - INFO - fetch_expenses_for_date called with 2024-08-30
2025-12-22 08:32:31,052 - db_helper - INFO - fetch_expenses_for_date called with 2024-08-28
2025-12-22 08:36:47,116 - db_helper - INFO - fetch_expenses_for_date called with 2024-08-01
2025-12-22 08:36:55,571 - db_helper - INFO - fetch_expenses_for_date called with 2024-08-28
2025-12-22 08:47:53,140 - db_helper - INFO - fetch_expenses_for_date called with 2024-08-07
2025-12-22 08:48:56,690 - db_helper - INFO - fetch_expenses_for_date called with 2024-08-07
2025-12-22 08:48:58,927 - db_helper - INFO - delete_expenses_for_date called with 2024-08-07
2025-12-22 08:48:58,965 - db_helper - INFO - insert_expense called with date: 2024-08-07, amount: 20.0, category: Shopping, notes: bought coconut
2025-12-22 08:48:59,025 - db_helper - INFO - insert_expense called with date: 2024-08-07, amount: 10.0, category: Shopping, notes: bought hair oild
2025-12-22 08:48:59,071 - db_helper - INFO - insert_expense called with date: 2024-08-07, amount: 40.0, category: Food, notes: ate rice and beans
2025-12-24 07:42:26,855 - db_helper - INFO - fetch_expense_summary called with start: 2024-08-01 and end: 2024-08-05
2025-12-24 08:00:29,919 - db_helper - INFO - fetch_expense_summary called with start: 2024-08-01 and end: 2024-08-05
2025-12-24 08:13:47,220 - db_helper - INFO - fetch_expenses_for_date called with 2024-08-01
2025-12-24 08:15:32,090 - db_helper - INFO - fetch_expenses_for_date called with 2024-08-01
2025-12-24 08:18:07,297 - db_helper - INFO - fetch_expenses_for_date called with 2024-08-01
2025-12-24 08:18:11,433 - db_helper - INFO - fetch_expenses_for_date called with 2024-08-01
2025-12-24 08:18:13,631 - db_helper - INFO - fetch_expense_summary called with start: 2024-08-01 and end: 2024-08-05
2025-12-24 08:24:13,289 - db_helper - INFO - fetch_expenses_for_date called with 2024-08-01
2025-12-24 08:24:19,392 - db_helper - INFO - fetch_expenses_for_date called with 2024-08-01
2025-12-24 08:24:21,602 - db_helper - INFO - fetch_expense_summary called with start: 2024-08-01 and end: 2024-08-05
2025-12-24 08:28:31,702 - db_helper - INFO - fetch_expenses_for_date called with 2024-08-01
2025-12-24 08:28:38,085 - db_helper - INFO - fetch_expenses_for_date called with 2024-08-01
2025-12-24 08:28:40,284 - db_helper - INFO - fetch_expense_summary called with start: 2024-08-01 and end: 2024-08-05
2025-12-24 08:29:33,021 - db_helper - INFO - fetch_expenses_for_date called with 2024-08-01
2025-12-24 08:29:40,911 - db_helper - INFO - fetch_expenses_for_date called with 2024-08-01
2025-12-24 08:29:43,115 - db_helper - INFO - fetch_expense_summary called with start: 2024-08-01 and end: 2024-08-05
2025-12-24 08:30:15,626 - db_helper - INFO - fetch_expenses_for_date called with 2024-08-01
2025-12-24 08:30:20,126 - db_helper - INFO - fetch_expenses_for_date called with 2024-08-01
2025-12-24 08:30:22,351 - db_helper - INFO - fetch_expense_summary called with start: 2024-08-01 and end: 2024-08-05
2025-12-24 08:34:17,793 - db_helper - INFO - fetch_expenses_for_date called with 2024-08-01
2025-12-24 08:34:21,561 - db_helper - INFO - fetch_expenses_for_date called with 2024-08-01
2025-12-24 08:34:23,770 - db_helper - INFO - fetch_expense_summary called with start: 2024-08-01 and end: 2024-08-30
2025-12-24 08:34:44,979 - db_helper - INFO - fetch_expenses_for_date called with 2024-08-01
2025-12-24 08:34:46,508 - db_helper - INFO - fetch_expenses_for_date called with 2024-08-01
2025-12-24 08:34:48,703 - db_helper - INFO - fetch_expense_summary called with start: 2024-08-01 and end: 2024-09-30
2025-12-24 08:35:08,159 - db_helper - INFO - fetch_expenses_for_date called with 2024-08-01
2025-12-24 08:35:13,725 - db_helper - INFO - fetch_expenses_for_date called with 2024-08-01
2025-12-24 08:35:15,924 - db_helper - INFO - fetch_expense_summary called with start: 2024-08-23 and end: 2024-09-30
2025-12-24 08:35:40,741 - db_helper - INFO - fetch_expenses_for_date called with 2024-08-01
2025-12-24 08:35:48,490 - db_helper - INFO - fetch_expenses_for_date called with 2024-08-01
2025-12-24 08:35:50,106 - db_helper - INFO - fetch_expenses_for_date called with 2024-08-01
2025-12-24 08:35:52,290 - db_helper - INFO - fetch_expense_summary called with start: 2024-08-01 and end: 2024-08-01
2025-12-24 08:36:01,760 - db_helper - INFO - fetch_expenses_for_date called with 2024-08-01
2025-12-24 08:36:04,323 - db_helper - INFO - fetch_expenses_for_date called with 2024-08-01
2025-12-24 08:36:05,806 - db_helper - INFO - fetch_expenses_for_date called with 2024-08-01
2025-12-24 08:36:08,021 - db_helper - INFO - fetch_expense_summary called with start: 2024-08-02 and end: 2024-08-02
2025-12-24 08:36:58,998 - db_helper - INFO - fetch_expenses_for_date called with 2024-08-15
2025-12-24 08:37:11,053 - db_helper - INFO - fetch_expenses_for_date called with 2024-08-30
2025-12-26 05:15:28,301 - db_helper - INFO - fetch_expenses_for_date called with 2024-08-01
2025-12-26 05:16:04,985 - db_helper - INFO - fetch_expenses_for_date called with 2024-08-01
2025-12-26 05:16:07,123 - db_helper - INFO - fetch_expense_summary called with start: 2024-08-01 and end: 2024-08-05
2025-12-26 08:54:01,322 - db_helper - INFO - fetch_expenses_for_date called with 2024-08-01
2025-12-26 08:56:00,448 - db_helper - INFO - fetch_expenses_for_date called with 2024-08-01
2025-12-26 09:06:08,015 - db_helper - INFO - fetch_expenses_for_date called with 2024-08-01
2025-12-26 09:07:21,373 - db_helper - INFO - fetch_expenses_for_date called with 2024-08-01
2025-12-26 09:12:32,396 - db_helper - INFO - fetch_expenses_for_date called with 2024-08-01
2025-12-26 09:12:36,294 - db_helper - INFO - fetch_expenses_for_date called with 2024-08-01
2025-12-26 09:12:38,442 - db_helper - INFO - fetch_expense_summary called with start: 2024-08-01 and end: 2024-08-05
2025-12-26 09:14:02,678 - db_helper - INFO - fetch_expenses_for_date called with 2024-08-01
2025-12-26 10:32:58,527 - db_helper - INFO - fetch_expenses_for_date called with 2024-08-01
2025-12-26 10:42:07,201 - db_helper - INFO - fetch_expenses_for_date called with 2024-08-01
2025-12-26 10:42:37,715 - db_helper - INFO - fetch_expenses_for_date called with 2024-08-01
2025-12-26 10:42:39,900 - db_helper - INFO - fetch_expense_summary called with start: 2024-08-01 and end: 2024-08-05
2025-12-26 10:56:32,436 - db_helper - INFO - fetch_expenses_for_date called with 2024-08-01
2025-12-26 10:56:42,669 - db_helper - INFO - fetch_expenses_for_date called with 2024-08-01
2025-12-26 10:57:43,809 - db_helper - INFO - fetch_expenses_for_date called with 2024-08-01
2025-12-26 11:02:53,553 - db_helper - INFO - fetch_expenses_for_date called with 2024-08-01
2025-12-26 11:06:37,806 - db_helper - INFO - fetch_expenses_for_date called with 2024-08-01
2025-12-26 11:13:27,047 - db_helper - INFO - fetch_expenses_for_date called with 2024-08-01
2025-12-26 11:14:45,608 - db_helper - INFO - fetch_expenses_for_date called with 2024-08-01
2025-12-26 11:21:50,739 - db_helper - INFO - fetch_expenses_for_date called with 2024-08-01
2025-12-26 11:25:20,032 - db_helper - INFO - fetch_expenses_for_date called with 2024-08-01
2025-12-26 11:25:35,298 - db_helper - INFO - fetch_expenses_for_date called with 2024-08-01
2025-12-26 11:25:57,532 - db_helper - INFO - fetch_expenses_for_date called with 2024-08-01
2025-12-26 11:26:11,332 - db_helper - INFO - fetch_expenses_for_date called with 2024-08-01
2025-12-26 11:26:21,684 - db_helper - INFO - fetch_expenses_for_date called with 2024-08-01
2025-12-26 11:26:37,387 - db_helper - INFO - fetch_expenses_for_date called with 2024-08-01
2025-12-26 11:26:38,384 - db_helper - INFO - fetch_expenses_for_date called with 2024-08-01
2025-12-27 06:51:25,070 - db_helper - INFO - fetch_expenses_for_date called with 2024-08-01
2025-12-27 06:51:38,880 - db_helper - INFO - fetch_expenses_for_date called with 2024-08-01
2025-12-27 07:00:13,286 - db_helper - INFO - fetch_expenses_for_date called with 2024-08-01
2025-12-27 07:00:19,753 - db_helper - INFO - fetch_expenses_for_date called with 2024-08-01
2025-12-27 07:06:58,628 - db_helper - INFO - fetch_expenses_for_date called with 2024-08-01
2025-12-27 07:07:05,513 - db_helper - INFO - fetch_expenses_for_date called with 2024-08-01
2025-12-27 07:07:07,635 - db_helper - INFO - fetch_expense_summary called with start: 2024-08-01 and end: 2024-08-05
2025-12-27 07:07:47,579 - db_helper - INFO - fetch_expenses_for_date called with 2024-08-01
2025-12-27 07:07:53,927 - db_helper - INFO - fetch_expenses_for_date called with 2024-08-01
2025-12-27 07:07:56,098 - db_helper - INFO - fetch_expense_summary called with start: 2024-08-01 and end: 2024-08-05
2025-12-27 07:08:18,754 - db_helper - INFO - fetch_expenses_for_date called with 2024-08-15
2025-12-27 07:08:25,335 - db_helper - INFO - fetch_expenses_for_date called with 2024-08-15
2025-12-27 07:08:27,487 - db_helper - INFO - fetch_expense_summary called with start: 2024-08-01 and end: 2024-08-05
2025-12-27 07:08:34,173 - db_helper - INFO - fetch_expenses_for_date called with 2024-08-15
2025-12-27 07:08:35,421 - db_helper - INFO - fetch_expenses_for_date called with 2024-08-15
2025-12-27 07:08:37,546 - db_helper - INFO - fetch_expense_summary called with start: 2024-08-01 and end: 2024-08-31
2025-12-27 07:11:02,879 - db_helper - INFO - fetch_expenses_for_date called with 2024-08-15
2025-12-27 07:11:20,867 - db_helper - INFO - fetch_expenses_for_date called with 2024-08-01
2025-12-27 07:11:28,273 - db_helper - INFO - fetch_expenses_for_date called with 2024-08-15
2025-12-27 07:12:42,650 - db_helper - INFO - fetch_expenses_for_date called with 2024-08-01
2025-12-27 07:12:50,855 - db_helper - INFO - fetch_expenses_for_date called with 2024-08-01
2025-12-27 07:12:53,011 - db_helper - INFO - fetch_expense_summary called with start: 2024-08-01 and end: 2024-08-05
2025-12-27 07:13:01,769 - db_helper - INFO - fetch_expenses_for_date called with 2024-08-15
2025-12-27 07:13:09,741 - db_helper - INFO - fetch_expenses_for_date called with 2024-08-15
2025-12-27 07:13:10,970 - db_helper - INFO - fetch_expenses_for_date called with 2024-08-15
2025-12-27 07:13:13,083 - db_helper - INFO - fetch_expense_summary called with start: 2024-08-01 and end: 2024-08-31
2025-12-27 07:18:28,587 - db_helper - INFO - fetch_expenses_for_date called with 2024-08-01
2025-12-27 07:18:41,536 - db_helper - INFO - fetch_expenses_for_date called with 2024-08-01
2025-12-27 07:18:47,753 - db_helper - INFO - fetch_expenses_for_date called with 2024-08-30
2025-12-27 07:19:23,010 - db_helper - INFO - fetch_expenses_for_date called with 2024-08-30
2025-12-27 07:19:24,094 - db_helper - INFO - fetch_expenses_for_date called with 2024-08-30
2025-12-27 07:19:26,252 - db_helper - INFO - fetch_expense_summary called with start: 2024-08-01 and end: 2024-08-06
2025-12-27 07:21:23,179 - db_helper - INFO - fetch_expenses_for_date called with 2024-08-30
2025-12-27 07:23:30,665 - db_helper - INFO - fetch_expenses_for_date called with 2024-08-01
2025-12-27 07:23:49,519 - db_helper - INFO - fetch_expenses_for_date called with 2024-08-01
2025-12-27 07:23:51,681 - db_helper - INFO - fetch_expense_summary called with start: 2024-08-01 and end: 2024-08-05
2025-12-27 07:24:09,598 - db_helper - INFO - fetch_expenses_for_date called with 2021-08-17
2025-12-27 07:30:16,996 - db_helper - INFO - fetch_expenses_for_date called with 2021-08-17
2025-12-27 07:30:19,130 - db_helper - INFO - delete_expenses_for_date called with 2021-08-17
2025-12-27 07:30:19,175 - db_helper - INFO - insert_expense called with date: 2021-08-17, amount: 100.0, category: Shopping, notes: I bought a travelling bag
2025-12-27 07:30:19,207 - db_helper - INFO - insert_expense called with date: 2021-08-17, amount: 200.0, category: Food, notes: I got some foodstuffs
2025-12-27 07:30:19,211 - db_helper - INFO - insert_expense called with date: 2021-08-17, amount: 50.0, category: Entertainment, notes: I saw a movie at the cinema
2025-12-27 07:30:19,231 - db_helper - INFO - insert_expense called with date: 2021-08-17, amount: 25.0, category: Food, notes: I went to eat at the cafeteria
2025-12-27 07:30:19,242 - db_helper - INFO - insert_expense called with date: 2021-08-17, amount: 150.0, category: Rent, notes: I paid my house rent
2025-12-27 07:31:15,649 - db_helper - INFO - fetch_expenses_for_date called with 2021-08-17
2025-12-27 07:31:17,800 - db_helper - INFO - fetch_expense_summary called with start: 2024-08-01 and end: 2024-08-05
2025-12-27 07:31:25,307 - db_helper - INFO - fetch_expenses_for_date called with 2021-08-17
2025-12-27 07:31:26,458 - db_helper - INFO - fetch_expenses_for_date called with 2021-08-17
2025-12-27 07:31:28,615 - db_helper - INFO - fetch_expense_summary called with start: 2021-08-01 and end: 2024-08-05
2025-12-27 07:42:11,866 - db_helper - INFO - fetch_expenses_for_date called with 2021-08-17
2025-12-27 07:42:57,586 - db_helper - INFO - fetch_expenses_for_date called with 2021-08-17
2025-12-27 07:43:57,008 - db_helper - INFO - fetch_expenses_for_date called with 2021-08-17
2025-12-27 07:51:21,862 - db_helper - INFO - fetch_expenses_for_date called with 2021-08-17
2025-12-27 07:51:30,464 - db_helper - INFO - fetch_expenses_for_date called with 2024-08-01
2025-12-27 07:52:36,224 - db_helper - INFO - fetch_expenses_for_date called with 2021-08-17
2025-12-27 07:53:06,090 - db_helper - INFO - fetch_expenses_for_date called with 2021-08-17
2025-12-27 07:53:08,251 - db_helper - INFO - delete_expenses_for_date called with 2021-08-17
2025-12-27 07:53:20,559 - db_helper - INFO - fetch_expenses_for_date called with 2024-08-01
2025-12-27 07:59:02,026 - db_helper - INFO - fetch_expenses_for_date called with 2024-08-01
2025-12-27 07:59:21,915 - db_helper - INFO - fetch_expenses_for_date called with 2024-08-01
2025-12-27 07:59:24,069 - db_helper - INFO - fetch_expense_summary called with start: 2024-08-01 and end: 2024-08-05
2025-12-27 08:04:21,993 - db_helper - INFO - fetch_expenses_for_date called with 2024-08-01
2025-12-27 08:13:04,170 - db_helper - INFO - fetch_expenses_for_date called with 2024-08-01
2025-12-27 08:13:24,565 - db_helper - INFO - fetch_expenses_for_date called with 2024-08-01
2025-12-27 08:15:31,426 - db_helper - INFO - fetch_expenses_for_date called with 2024-08-01
2025-12-27 08:15:39,040 - db_helper - INFO - fetch_expenses_for_date called with 2024-08-01
2025-12-27 08:19:38,877 - db_helper - INFO - fetch_expenses_for_date called with 2024-08-01
2025-12-27 08:27:04,272 - db_helper - INFO - fetch_expenses_for_date called with 2024-08-01
2025-12-27 08:29:19,518 - db_helper - INFO - fetch_expenses_for_date called with 2024-08-01
2025-12-27 08:29:52,770 - db_helper - INFO - fetch_expenses_for_date called with 2024-08-17
2025-12-27 08:29:59,279 - db_helper - INFO - fetch_expenses_for_date called with 2024-08-17
2025-12-27 08:30:00,438 - db_helper - INFO - fetch_expenses_for_date called with 2024-08-17
2025-12-27 08:30:02,594 - db_helper - INFO - fetch_expense_summary called with start: 2024-08-01 and end: 2024-08-31
2025-12-27 08:31:32,936 - db_helper - INFO - fetch_expenses_for_date called with 2024-08-17
2025-12-27 08:32:46,863 - db_helper - INFO - fetch_expenses_for_date called with 2024-08-17
2025-12-27 08:33:07,300 - db_helper - INFO - fetch_expenses_for_date called with 2024-08-17
2025-12-27 08:33:09,429 - db_helper - INFO - fetch_expense_summary called with start: 2024-08-01 and end: 2024-08-31
2025-12-27 08:36:19,372 - db_helper - INFO - fetch_expenses_for_date called with 2024-08-01
2025-12-27 08:36:26,392 - db_helper - INFO - fetch_expenses_for_date called with 2024-08-01
2025-12-27 08:36:28,516 - db_helper - INFO - fetch_expense_summary called with start: 2024-08-01 and end: 2024-08-05
2025-12-27 08:36:35,574 - db_helper - INFO - fetch_expenses_for_date called with 2024-08-01
2025-12-27 08:37:07,914 - db_helper - INFO - fetch_expenses_for_date called with 2024-08-01
2025-12-27 08:37:41,653 - db_helper - INFO - fetch_expenses_for_date called with 2024-08-01
2025-12-27 08:38:54,783 - db_helper - INFO - fetch_expenses_for_date called with 2024-08-01
2025-12-27 08:39:00,508 - db_helper - INFO - fetch_expenses_for_date called with 2024-08-01
2025-12-27 08:39:02,641 - db_helper - INFO - fetch_expense_summary called with start: 2024-08-01 and end: 2024-08-05
2025-12-27 09:46:00,881 - db_helper - INFO - fetch_expenses_for_date called with 2024-08-16
2025-12-27 09:46:05,677 - db_helper - INFO - fetch_expenses_for_date called with 2024-08-24
2025-12-27 09:46:12,912 - db_helper - INFO - fetch_expenses_for_date called with 2024-08-27
2025-12-27 09:46:20,126 - db_helper - INFO - fetch_expenses_for_date called with 2024-08-17
2025-12-27 09:46:24,560 - db_helper - INFO - fetch_expenses_for_date called with 2024-08-15
2025-12-27 09:46:28,127 - db_helper - INFO - fetch_expenses_for_date called with 2024-08-05
2025-12-27 09:47:44,381 - db_helper - INFO - fetch_expenses_for_date called with 2024-08-05
2025-12-27 09:47:46,151 - db_helper - INFO - fetch_expenses_for_date called with 2024-08-05
2025-12-27 09:47:48,309 - db_helper - INFO - fetch_expense_summary called with start: 2024-08-01 and end: 2024-09-30
2025-12-27 09:51:29,994 - db_helper - INFO - fetch_expenses_for_date called with 2024-08-05
2025-12-27 09:52:14,266 - db_helper - INFO - fetch_expenses_for_date called with 2024-08-05
